# Tue Jun 18 14:52:46 2019

# RNAup --include_both 
# 17 
# ACCAGGGACAUGACAUA
# 15 
# ACCCGAGGUUAGACA
#     pos      u4S        dG            
       1        NA    -6.950  
       2        NA    -6.950  
       3        NA    -6.950  
       4     0.190    -6.950  
       5     0.242    -6.950  
       6     0.260    -6.950  
       7     0.257    -6.950  
       8     0.062    -2.381  
       9     0.024    -2.381  
      10     0.009    -2.381  
      11     0.178    -2.381  
      12     0.188    -1.496  
      13     0.187    -1.496  
      14     0.263    -1.496  
      15     0.261    -0.806  
      16     0.057    -0.806  
      17     0.057     0.000  
#     pos      u4S            
       1        NA  
       2        NA  
       3        NA  
       4     0.356  
       5     0.361  
       6     0.350  
       7     0.397  
       8     0.416  
       9     0.410  
      10     0.411  
      11     0.348  
      12     0.255  
      13     0.021  
      14     0.057  
      15     0.057  
# Tue Jun 18 14:52:59 2019

# RNAup --include_both 
# 17 
# ACCAGGGACAUGACAUA
# 15 
# ACCCGAGGUUAGACA
#     pos      u4S        dG            
       1        NA    -6.950  
       2        NA    -6.950  
       3        NA    -6.950  
       4     0.190    -6.950  
       5     0.242    -6.950  
       6     0.260    -6.950  
       7     0.257    -6.950  
       8     0.062    -2.381  
       9     0.024    -2.381  
      10     0.009    -2.381  
      11     0.178    -2.381  
      12     0.188    -1.496  
      13     0.187    -1.496  
      14     0.263    -1.496  
      15     0.261    -0.806  
      16     0.057    -0.806  
      17     0.057     0.000  
#     pos      u4S            
       1        NA  
       2        NA  
       3        NA  
       4     0.356  
       5     0.361  
       6     0.350  
       7     0.397  
       8     0.416  
       9     0.410  
      10     0.411  
      11     0.348  
      12     0.255  
      13     0.021  
      14     0.057  
      15     0.057  
# Tue Jun 18 14:53:18 2019

# RNAup --include_both 
# 17 
# ACCAGGGACAUGACAUA
# 30 
# ACCCGAGGUUAGACA,CCCAGAGGUUAGAG
#     pos      u4S        dG            
       1        NA     0.000  
       2        NA    -4.234  
       3        NA    -4.234  
       4     2.629    -4.234  
       5     2.749    -4.234  
       6     2.725    -4.234  
       7     2.923    -4.234  
       8     2.663    -4.234  
       9     2.684    -4.234  
      10     2.699    -4.211  
      11     2.538    -4.211  
      12     0.035    -4.211  
      13     0.026    -4.211  
      14     0.005    -4.211  
      15     0.034    -4.211  
      16     0.032    -4.211  
      17     1.499    -4.211  
      18     2.519    -4.211  
      19     2.584    -4.211  
      20     2.585    -4.211  
      21     2.764    -4.211  
      22     1.716    -4.211  
      23     2.607    -4.211  
      24     2.694    -4.211  
      25     2.472    -4.211  
      26     2.473    -1.014  
      27     2.285     0.000  
      28     0.779     0.000  
      29     0.006     0.000  
      30     0.001     0.000  
#     pos      u4S            
       1        NA  
       2        NA  
       3        NA  
       4     0.190  
       5     0.242  
       6     0.260  
       7     0.257  
       8     0.062  
       9     0.024  
      10     0.009  
      11     0.178  
      12     0.188  
      13     0.187  
      14     0.263  
      15     0.261  
      16     0.057  
      17     0.057  
# Tue Jun 18 15:00:26 2019

# RNAup --include_both 
# 12 
# ACCAGAGUUAGA
# 10 
# ACCAGAGAUA
#     pos      u4S        dG            
       1        NA     0.000  
       2        NA     0.000  
       3        NA     0.000  
       4     0.017     0.000  
       5     0.017     0.000  
       6     0.006     0.000  
       7     0.010     0.000  
       8     0.009     0.000  
       9     0.010     0.000  
      10     0.010     0.000  
      11     0.014     0.000  
      12     0.008     0.000  
#     pos      u4S            
       1        NA  
       2        NA  
       3        NA  
       4     0.004  
       5     0.004  
       6     0.002  
       7     0.004  
       8     0.003  
       9     0.004  
      10     0.004  
