# Tue Jun 18 14:52:21 2019

# RNAup 
# 52 
# ACAGGGAUAGACACA,AGGGGACACAUUGAGA,CCCCCAUUUAGACCAUGGA
#     pos      u4S            
       1        NA  
       2        NA  
       3        NA  
       4     2.578  
       5     2.818  
       6     2.822  
       7     2.809  
       8     2.789  
       9     2.535  
      10     2.428  
      11     2.438  
      12     2.405  
      13     1.929  
      14     1.251  
      15     0.016  
      16     0.015  
      17     0.016  
      18     3.261  
      19     5.322  
      20     5.496  
      21     5.513  
      22     5.021  
      23     4.886  
      24     2.719  
      25     0.189  
      26     0.189  
      27     0.112  
      28     0.112  
      29     0.027  
      30     0.027  
      31     0.190  
      32     0.190  
      33     0.159  
      34     0.659  
      35     3.526  
      36     5.816  
      37     6.258  
      38     6.393  
      39     5.391  
      40     3.993  
      41     2.448  
      42     2.438  
      43     2.491  
      44     2.445  
      45     2.451  
      46     2.699  
      47     2.658  
      48     2.727  
      49     2.793  
      50     2.757  
      51     0.731  
      52     0.731  
# Tue Jun 18 14:52:35 2019

# RNAup 
# 52 
# ACAGGGAUAGACACA,AGGGGACACAUUGAGA,CCCCCAUUUAGACCAUGGA
#     pos      u4S            
       1        NA  
       2        NA  
       3        NA  
       4     2.578  
       5     2.818  
       6     2.822  
       7     2.809  
       8     2.789  
       9     2.535  
      10     2.428  
      11     2.438  
      12     2.405  
      13     1.929  
      14     1.251  
      15     0.016  
      16     0.015  
      17     0.016  
      18     3.261  
      19     5.322  
      20     5.496  
      21     5.513  
      22     5.021  
      23     4.886  
      24     2.719  
      25     0.189  
      26     0.189  
      27     0.112  
      28     0.112  
      29     0.027  
      30     0.027  
      31     0.190  
      32     0.190  
      33     0.159  
      34     0.659  
      35     3.526  
      36     5.816  
      37     6.258  
      38     6.393  
      39     5.391  
      40     3.993  
      41     2.448  
      42     2.438  
      43     2.491  
      44     2.445  
      45     2.451  
      46     2.699  
      47     2.658  
      48     2.727  
      49     2.793  
      50     2.757  
      51     0.731  
      52     0.731  
